<?xml version="1.0" encoding="UTF-8"?>
<testng-results ignored="0" total="1" passed="1" failed="0" skipped="0">
  <reporter-output>
  </reporter-output>
  <suite started-at="2026-09-08T17:26:00 IST" name="Suite" finished-at="2026-09-08T17:26:00 IST" duration-ms="79">
    <groups>
    </groups>
    <test started-at="2026-09-08T17:26:00 IST" name="Test" finished-at="2026-09-08T17:26:00 IST" duration-ms="79">
      <class name="Practice_Selenium.ReadDataFromTestNGXmlTest">
        <test-method signature="sampleTest(org.testng.xml.XmlTest)[pri:0, instance:Practice_Selenium.ReadDataFromTestNGXmlTest@654f0d9c]" started-at="2026-09-08T17:26:00 IST" name="sampleTest" finished-at="2026-09-08T17:26:00 IST" duration-ms="13" status="PASS">
          <params>
            <param index="0">
              <value>
                <![CDATA[org.testng.xml.XmlTest@7e4bebc1]]>
              </value>
            </param>
          </params>
          <reporter-output>
          </reporter-output>
        </test-method> <!-- sampleTest -->
      </class> <!-- Practice_Selenium.ReadDataFromTestNGXmlTest -->
    </test> <!-- Test -->
  </suite> <!-- Suite -->
</testng-results>
